<?xml version="1.0" encoding="UTF-8"?>
<coverage generated="1743049364129" clover="3.2.0">
  <project timestamp="1743049364129" name="All files">
    <metrics statements="31" coveredstatements="31" conditionals="0" coveredconditionals="0" methods="7" coveredmethods="6" elements="38" coveredelements="37" complexity="0" loc="31" ncloc="31" packages="2" files="5" classes="5"/>
    <package name="components">
      <metrics statements="17" coveredstatements="17" conditionals="0" coveredconditionals="0" methods="5" coveredmethods="4"/>
      <file name="mealSwipeCalculator.tsx" path="/Users/user/Documents/GitHub/SwipeForMe/Swipe4MeFrontend/src/components/mealSwipeCalculator.tsx">
        <metrics statements="6" coveredstatements="6" conditionals="0" coveredconditionals="0" methods="2" coveredmethods="1"/>
        <line num="4" count="1" type="stmt"/>
        <line num="5" count="1" type="stmt"/>
        <line num="7" count="1" type="stmt"/>
        <line num="8" count="4" type="stmt"/>
        <line num="12" count="4" type="stmt"/>
        <line num="59" count="1" type="stmt"/>
      </file>
      <file name="profileHeader.tsx" path="/Users/user/Documents/GitHub/SwipeForMe/Swipe4MeFrontend/src/components/profileHeader.tsx">
        <metrics statements="5" coveredstatements="5" conditionals="0" coveredconditionals="0" methods="1" coveredmethods="1"/>
        <line num="4" count="1" type="stmt"/>
        <line num="5" count="1" type="stmt"/>
        <line num="7" count="1" type="stmt"/>
        <line num="8" count="3" type="stmt"/>
        <line num="56" count="1" type="stmt"/>
      </file>
      <file name="rating.tsx" path="/Users/user/Documents/GitHub/SwipeForMe/Swipe4MeFrontend/src/components/rating.tsx">
        <metrics statements="6" coveredstatements="6" conditionals="0" coveredconditionals="0" methods="2" coveredmethods="2"/>
        <line num="4" count="1" type="stmt"/>
        <line num="5" count="1" type="stmt"/>
        <line num="7" count="1" type="stmt"/>
        <line num="8" count="4" type="stmt"/>
        <line num="20" count="20" type="stmt"/>
        <line num="52" count="1" type="stmt"/>
      </file>
    </package>
    <package name="pages">
      <metrics statements="14" coveredstatements="14" conditionals="0" coveredconditionals="0" methods="2" coveredmethods="2"/>
      <file name="dashboard.tsx" path="/Users/user/Documents/GitHub/SwipeForMe/Swipe4MeFrontend/src/pages/dashboard.tsx">
        <metrics statements="8" coveredstatements="8" conditionals="0" coveredconditionals="0" methods="1" coveredmethods="1"/>
        <line num="4" count="1" type="stmt"/>
        <line num="5" count="1" type="stmt"/>
        <line num="6" count="1" type="stmt"/>
        <line num="7" count="1" type="stmt"/>
        <line num="8" count="1" type="stmt"/>
        <line num="10" count="1" type="stmt"/>
        <line num="11" count="3" type="stmt"/>
        <line num="27" count="1" type="stmt"/>
      </file>
      <file name="home.tsx" path="/Users/user/Documents/GitHub/SwipeForMe/Swipe4MeFrontend/src/pages/home.tsx">
        <metrics statements="6" coveredstatements="6" conditionals="0" coveredconditionals="0" methods="1" coveredmethods="1"/>
        <line num="4" count="1" type="stmt"/>
        <line num="5" count="1" type="stmt"/>
        <line num="6" count="1" type="stmt"/>
        <line num="8" count="1" type="stmt"/>
        <line num="9" count="11" type="stmt"/>
        <line num="114" count="1" type="stmt"/>
      </file>
    </package>
  </project>
</coverage>
