{"/Users/user/Documents/GitHub/SwipeForMe/Swipe4MeFrontend/src/components/mealSwipeCalculator.tsx": {"path":"/Users/user/Documents/GitHub/SwipeForMe/Swipe4MeFrontend/src/components/mealSwipeCalculator.tsx","statementMap":{"0":{"start":{"line":4,"column":0},"end":{"line":4,"column":26}},"1":{"start":{"line":5,"column":0},"end":{"line":5,"column":31}},"2":{"start":{"line":7,"column":38},"end":{"line":57,"column":1}},"3":{"start":{"line":8,"column":26},"end":{"line":10,"column":3}},"4":{"start":{"line":12,"column":2},"end":{"line":56,"column":4}},"5":{"start":{"line":59,"column":0},"end":{"line":59,"column":35}}},"fnMap":{"0":{"name":"(anonymous_1)","decl":{"start":{"line":7,"column":38},"end":{"line":7,"column":41}},"loc":{"start":{"line":7,"column":43},"end":{"line":57,"column":1}}},"1":{"name":"(anonymous_2)","decl":{"start":{"line":8,"column":26},"end":{"line":8,"column":29}},"loc":{"start":{"line":8,"column":31},"end":{"line":10,"column":3}}}},"branchMap":{},"s":{"0":1,"1":1,"2":1,"3":4,"4":4,"5":1},"f":{"0":4,"1":0},"b":{}}
,"/Users/user/Documents/GitHub/SwipeForMe/Swipe4MeFrontend/src/components/profileHeader.tsx": {"path":"/Users/user/Documents/GitHub/SwipeForMe/Swipe4MeFrontend/src/components/profileHeader.tsx","statementMap":{"0":{"start":{"line":4,"column":0},"end":{"line":4,"column":26}},"1":{"start":{"line":5,"column":0},"end":{"line":5,"column":31}},"2":{"start":{"line":7,"column":32},"end":{"line":54,"column":1}},"3":{"start":{"line":8,"column":2},"end":{"line":53,"column":4}},"4":{"start":{"line":56,"column":0},"end":{"line":56,"column":29}}},"fnMap":{"0":{"name":"(anonymous_1)","decl":{"start":{"line":7,"column":32},"end":{"line":7,"column":35}},"loc":{"start":{"line":7,"column":37},"end":{"line":54,"column":1}}}},"branchMap":{},"s":{"0":1,"1":1,"2":1,"3":3,"4":1},"f":{"0":3},"b":{}}
,"/Users/user/Documents/GitHub/SwipeForMe/Swipe4MeFrontend/src/components/rating.tsx": {"path":"/Users/user/Documents/GitHub/SwipeForMe/Swipe4MeFrontend/src/components/rating.tsx","statementMap":{"0":{"start":{"line":4,"column":0},"end":{"line":4,"column":26}},"1":{"start":{"line":5,"column":0},"end":{"line":5,"column":31}},"2":{"start":{"line":7,"column":25},"end":{"line":50,"column":1}},"3":{"start":{"line":8,"column":2},"end":{"line":49,"column":4}},"4":{"start":{"line":20,"column":12},"end":{"line":20,"column":41}},"5":{"start":{"line":52,"column":0},"end":{"line":52,"column":22}}},"fnMap":{"0":{"name":"(anonymous_1)","decl":{"start":{"line":7,"column":25},"end":{"line":7,"column":28}},"loc":{"start":{"line":7,"column":30},"end":{"line":50,"column":1}}},"1":{"name":"(anonymous_2)","decl":{"start":{"line":19,"column":31},"end":{"line":19,"column":32}},"loc":{"start":{"line":20,"column":12},"end":{"line":20,"column":41}}}},"branchMap":{},"s":{"0":1,"1":1,"2":1,"3":4,"4":20,"5":1},"f":{"0":4,"1":20},"b":{}}
,"/Users/user/Documents/GitHub/SwipeForMe/Swipe4MeFrontend/src/pages/dashboard.tsx": {"path":"/Users/user/Documents/GitHub/SwipeForMe/Swipe4MeFrontend/src/pages/dashboard.tsx","statementMap":{"0":{"start":{"line":4,"column":0},"end":{"line":4,"column":26}},"1":{"start":{"line":5,"column":0},"end":{"line":5,"column":31}},"2":{"start":{"line":6,"column":0},"end":{"line":6,"column":56}},"3":{"start":{"line":7,"column":0},"end":{"line":7,"column":42}},"4":{"start":{"line":8,"column":0},"end":{"line":8,"column":68}},"5":{"start":{"line":10,"column":28},"end":{"line":25,"column":1}},"6":{"start":{"line":11,"column":2},"end":{"line":24,"column":4}},"7":{"start":{"line":27,"column":0},"end":{"line":27,"column":25}}},"fnMap":{"0":{"name":"(anonymous_1)","decl":{"start":{"line":10,"column":28},"end":{"line":10,"column":31}},"loc":{"start":{"line":10,"column":33},"end":{"line":25,"column":1}}}},"branchMap":{},"s":{"0":1,"1":1,"2":1,"3":1,"4":1,"5":1,"6":3,"7":1},"f":{"0":3},"b":{}}
,"/Users/user/Documents/GitHub/SwipeForMe/Swipe4MeFrontend/src/pages/home.tsx": {"path":"/Users/user/Documents/GitHub/SwipeForMe/Swipe4MeFrontend/src/pages/home.tsx","statementMap":{"0":{"start":{"line":4,"column":0},"end":{"line":4,"column":26}},"1":{"start":{"line":5,"column":0},"end":{"line":5,"column":31}},"2":{"start":{"line":6,"column":0},"end":{"line":6,"column":51}},"3":{"start":{"line":8,"column":23},"end":{"line":112,"column":1}},"4":{"start":{"line":9,"column":2},"end":{"line":111,"column":4}},"5":{"start":{"line":114,"column":0},"end":{"line":114,"column":20}}},"fnMap":{"0":{"name":"(anonymous_1)","decl":{"start":{"line":8,"column":23},"end":{"line":8,"column":26}},"loc":{"start":{"line":8,"column":28},"end":{"line":112,"column":1}}}},"branchMap":{},"s":{"0":1,"1":1,"2":1,"3":1,"4":11,"5":1},"f":{"0":11},"b":{}}
}
