TN:
SF:src/components/mealSwipeCalculator.tsx
FN:7,(anonymous_1)
FN:8,(anonymous_2)
FNF:2
FNH:1
FNDA:4,(anonymous_1)
FNDA:0,(anonymous_2)
DA:4,1
DA:5,1
DA:7,1
DA:8,4
DA:12,4
DA:59,1
LF:6
LH:6
BRF:0
BRH:0
end_of_record
TN:
SF:src/components/profileHeader.tsx
FN:7,(anonymous_1)
FNF:1
FNH:1
FNDA:3,(anonymous_1)
DA:4,1
DA:5,1
DA:7,1
DA:8,3
DA:56,1
LF:5
LH:5
BRF:0
BRH:0
end_of_record
TN:
SF:src/components/rating.tsx
FN:7,(anonymous_1)
FN:19,(anonymous_2)
FNF:2
FNH:2
FNDA:4,(anonymous_1)
FNDA:20,(anonymous_2)
DA:4,1
DA:5,1
DA:7,1
DA:8,4
DA:20,20
DA:52,1
LF:6
LH:6
BRF:0
BRH:0
end_of_record
TN:
SF:src/pages/dashboard.tsx
FN:10,(anonymous_1)
FNF:1
FNH:1
FNDA:3,(anonymous_1)
DA:4,1
DA:5,1
DA:6,1
DA:7,1
DA:8,1
DA:10,1
DA:11,3
DA:27,1
LF:8
LH:8
BRF:0
BRH:0
end_of_record
TN:
SF:src/pages/home.tsx
FN:8,(anonymous_1)
FNF:1
FNH:1
FNDA:11,(anonymous_1)
DA:4,1
DA:5,1
DA:6,1
DA:8,1
DA:9,11
DA:114,1
LF:6
LH:6
BRF:0
BRH:0
end_of_record
